2019-01-17 09:44:51,923 INFO  [org.alfresco.web.config.packaging.ModulePackageManager] [localhost-startStop-1] Found 1 module package(s)
2019-01-17 09:44:51,948 INFO  [org.alfresco.web.config.packaging.ModulePackageManager] [localhost-startStop-1] Alfresco Share JAR Module, 1.0-SNAPSHOT, Sample Share JAR Module (to be included in the share.war) - part of AIO - SDK 3

2019-01-17 09:44:53,499 INFO  [org.springframework.extensions.webscripts.TemplateProcessorRegistry] [localhost-startStop-1] Registered template processor freemarker for extension ftl
2019-01-17 09:44:53,504 INFO  [org.springframework.extensions.webscripts.ScriptProcessorRegistry] [localhost-startStop-1] Registered script processor javascript for extension js
2019-01-17 09:44:53,505 INFO  [org.springframework.extensions.webscripts.TemplateProcessorRegistry] [localhost-startStop-1] Registered template processor freemarker for extension ftl
2019-01-17 09:44:53,507 INFO  [org.springframework.extensions.webscripts.ScriptProcessorRegistry] [localhost-startStop-1] Registered script processor javascript for extension js
2019-01-17 09:44:57,724 INFO  [org.springframework.extensions.webscripts.DeclarativeRegistry] [localhost-startStop-1] Registered 393 Web Scripts (+0 failed), 411 URLs
2019-01-17 09:44:57,724 INFO  [org.springframework.extensions.webscripts.DeclarativeRegistry] [localhost-startStop-1] Registered 8 Package Description Documents (+0 failed) 
2019-01-17 09:44:57,724 INFO  [org.springframework.extensions.webscripts.DeclarativeRegistry] [localhost-startStop-1] Registered 0 Schema Description Documents (+0 failed) 
2019-01-17 09:44:57,842 INFO  [org.springframework.extensions.webscripts.AbstractRuntimeContainer] [localhost-startStop-1] Initialised Surf Container Web Script Container (in 4315.0063ms)
2019-01-17 09:44:57,845 INFO  [org.springframework.extensions.webscripts.TemplateProcessorRegistry] [localhost-startStop-1] Registered template processor freemarker for extension ftl
2019-01-17 09:44:57,846 INFO  [org.springframework.extensions.webscripts.ScriptProcessorRegistry] [localhost-startStop-1] Registered script processor javascript for extension js
2019-01-17 09:49:52,674 INFO  [org.alfresco.web.site.EditionInterceptor] [http-bio-8080-exec-7] Successfully retrieved license information from Alfresco.
2019-01-17 09:50:33,893 INFO  [org.alfresco.web.scripts.ImapServerStatus] [http-bio-8080-exec-14] Successfully retrieved IMAP server status from Alfresco: disabled
2019-01-17 09:53:53,683 INFO  [org.alfresco.web.config.packaging.ModulePackageManager] [localhost-startStop-1] Found 1 module package(s)
2019-01-17 09:53:53,735 INFO  [org.alfresco.web.config.packaging.ModulePackageManager] [localhost-startStop-1] Alfresco Share JAR Module, 1.0-SNAPSHOT, Sample Share JAR Module (to be included in the share.war) - part of AIO - SDK 3

2019-01-17 09:53:54,349 INFO  [org.springframework.extensions.webscripts.TemplateProcessorRegistry] [localhost-startStop-1] Registered template processor freemarker for extension ftl
2019-01-17 09:53:54,352 INFO  [org.springframework.extensions.webscripts.ScriptProcessorRegistry] [localhost-startStop-1] Registered script processor javascript for extension js
2019-01-17 09:53:54,353 INFO  [org.springframework.extensions.webscripts.TemplateProcessorRegistry] [localhost-startStop-1] Registered template processor freemarker for extension ftl
2019-01-17 09:53:54,355 INFO  [org.springframework.extensions.webscripts.ScriptProcessorRegistry] [localhost-startStop-1] Registered script processor javascript for extension js
2019-01-17 09:53:57,548 INFO  [org.springframework.extensions.webscripts.DeclarativeRegistry] [localhost-startStop-1] Registered 393 Web Scripts (+0 failed), 411 URLs
2019-01-17 09:53:57,548 INFO  [org.springframework.extensions.webscripts.DeclarativeRegistry] [localhost-startStop-1] Registered 8 Package Description Documents (+0 failed) 
2019-01-17 09:53:57,548 INFO  [org.springframework.extensions.webscripts.DeclarativeRegistry] [localhost-startStop-1] Registered 0 Schema Description Documents (+0 failed) 
2019-01-17 09:53:57,692 INFO  [org.springframework.extensions.webscripts.AbstractRuntimeContainer] [localhost-startStop-1] Initialised Surf Container Web Script Container (in 3318.347ms)
2019-01-17 09:53:57,694 INFO  [org.springframework.extensions.webscripts.TemplateProcessorRegistry] [localhost-startStop-1] Registered template processor freemarker for extension ftl
2019-01-17 09:53:57,695 INFO  [org.springframework.extensions.webscripts.ScriptProcessorRegistry] [localhost-startStop-1] Registered script processor javascript for extension js
2019-01-17 09:54:36,390 INFO  [org.alfresco.web.site.EditionInterceptor] [http-bio-8080-exec-1] Successfully retrieved license information from Alfresco.
2019-01-17 09:55:16,054 INFO  [org.alfresco.web.scripts.ImapServerStatus] [http-bio-8080-exec-12] Successfully retrieved IMAP server status from Alfresco: disabled
2019-01-17 09:56:24,183 INFO  [org.alfresco.web.scripts.QuickShareStatus] [http-bio-8080-exec-14] Successfully retrieved quick share information from Alfresco.
2019-01-17 09:56:33,354 INFO  [org.alfresco.web.scripts.MimetypesQuery] [http-bio-8080-exec-12] Successfully retrieved mimetypes information from Alfresco.
2019-01-17 09:57:34,580 INFO  [org.alfresco.web.scripts.DictionaryQuery] [http-bio-8080-exec-12] Successfully retrieved Data Dictionary from Alfresco.
2019-01-17 10:24:50,728 INFO  [org.alfresco.web.config.packaging.ModulePackageManager] [localhost-startStop-1] Found 1 module package(s)
2019-01-17 10:24:50,749 INFO  [org.alfresco.web.config.packaging.ModulePackageManager] [localhost-startStop-1] Alfresco Share JAR Module, 1.0-SNAPSHOT, Sample Share JAR Module (to be included in the share.war) - part of AIO - SDK 3

2019-01-17 10:24:51,245 INFO  [org.springframework.extensions.webscripts.TemplateProcessorRegistry] [localhost-startStop-1] Registered template processor freemarker for extension ftl
2019-01-17 10:24:51,248 INFO  [org.springframework.extensions.webscripts.ScriptProcessorRegistry] [localhost-startStop-1] Registered script processor javascript for extension js
2019-01-17 10:24:51,249 INFO  [org.springframework.extensions.webscripts.TemplateProcessorRegistry] [localhost-startStop-1] Registered template processor freemarker for extension ftl
2019-01-17 10:24:51,250 INFO  [org.springframework.extensions.webscripts.ScriptProcessorRegistry] [localhost-startStop-1] Registered script processor javascript for extension js
2019-01-17 10:24:53,593 INFO  [org.springframework.extensions.webscripts.DeclarativeRegistry] [localhost-startStop-1] Registered 393 Web Scripts (+0 failed), 411 URLs
2019-01-17 10:24:53,593 INFO  [org.springframework.extensions.webscripts.DeclarativeRegistry] [localhost-startStop-1] Registered 8 Package Description Documents (+0 failed) 
2019-01-17 10:24:53,593 INFO  [org.springframework.extensions.webscripts.DeclarativeRegistry] [localhost-startStop-1] Registered 0 Schema Description Documents (+0 failed) 
2019-01-17 10:24:53,705 INFO  [org.springframework.extensions.webscripts.AbstractRuntimeContainer] [localhost-startStop-1] Initialised Surf Container Web Script Container (in 2436.5803ms)
2019-01-17 10:24:53,708 INFO  [org.springframework.extensions.webscripts.TemplateProcessorRegistry] [localhost-startStop-1] Registered template processor freemarker for extension ftl
2019-01-17 10:24:53,709 INFO  [org.springframework.extensions.webscripts.ScriptProcessorRegistry] [localhost-startStop-1] Registered script processor javascript for extension js
2019-01-17 10:32:55,065 INFO  [org.alfresco.web.config.packaging.ModulePackageManager] [localhost-startStop-1] Found 1 module package(s)
2019-01-17 10:32:55,089 INFO  [org.alfresco.web.config.packaging.ModulePackageManager] [localhost-startStop-1] Alfresco Share JAR Module, 1.0-SNAPSHOT, Sample Share JAR Module (to be included in the share.war) - part of AIO - SDK 3

2019-01-17 10:32:55,605 INFO  [org.springframework.extensions.webscripts.TemplateProcessorRegistry] [localhost-startStop-1] Registered template processor freemarker for extension ftl
2019-01-17 10:32:55,609 INFO  [org.springframework.extensions.webscripts.ScriptProcessorRegistry] [localhost-startStop-1] Registered script processor javascript for extension js
2019-01-17 10:32:55,610 INFO  [org.springframework.extensions.webscripts.TemplateProcessorRegistry] [localhost-startStop-1] Registered template processor freemarker for extension ftl
2019-01-17 10:32:55,612 INFO  [org.springframework.extensions.webscripts.ScriptProcessorRegistry] [localhost-startStop-1] Registered script processor javascript for extension js
2019-01-17 10:32:57,805 INFO  [org.springframework.extensions.webscripts.DeclarativeRegistry] [localhost-startStop-1] Registered 393 Web Scripts (+0 failed), 411 URLs
2019-01-17 10:32:57,805 INFO  [org.springframework.extensions.webscripts.DeclarativeRegistry] [localhost-startStop-1] Registered 8 Package Description Documents (+0 failed) 
2019-01-17 10:32:57,805 INFO  [org.springframework.extensions.webscripts.DeclarativeRegistry] [localhost-startStop-1] Registered 0 Schema Description Documents (+0 failed) 
2019-01-17 10:32:57,927 INFO  [org.springframework.extensions.webscripts.AbstractRuntimeContainer] [localhost-startStop-1] Initialised Surf Container Web Script Container (in 2297.5518ms)
2019-01-17 10:32:57,931 INFO  [org.springframework.extensions.webscripts.TemplateProcessorRegistry] [localhost-startStop-1] Registered template processor freemarker for extension ftl
2019-01-17 10:32:57,932 INFO  [org.springframework.extensions.webscripts.ScriptProcessorRegistry] [localhost-startStop-1] Registered script processor javascript for extension js
2019-01-17 10:33:54,858 INFO  [org.alfresco.web.site.EditionInterceptor] [http-bio-8080-exec-3] Successfully retrieved license information from Alfresco.
2019-01-17 10:34:04,590 INFO  [org.alfresco.web.scripts.ImapServerStatus] [http-bio-8080-exec-6] Successfully retrieved IMAP server status from Alfresco: disabled
2019-01-17 10:34:25,470 INFO  [org.alfresco.web.scripts.QuickShareStatus] [http-bio-8080-exec-6] Successfully retrieved quick share information from Alfresco.
2019-01-17 10:34:37,545 INFO  [org.alfresco.web.scripts.MimetypesQuery] [http-bio-8080-exec-14] Successfully retrieved mimetypes information from Alfresco.
2019-01-17 10:46:15,667 INFO  [org.alfresco.web.scripts.DictionaryQuery] [http-bio-8080-exec-10] Successfully retrieved Data Dictionary from Alfresco.
2019-01-17 13:00:11,692 INFO  [org.alfresco.web.config.packaging.ModulePackageManager] [localhost-startStop-1] Found 1 module package(s)
2019-01-17 13:00:11,704 INFO  [org.alfresco.web.config.packaging.ModulePackageManager] [localhost-startStop-1] Alfresco Share JAR Module, 1.0-SNAPSHOT, Sample Share JAR Module (to be included in the share.war) - part of AIO - SDK 3

2019-01-17 13:00:12,111 INFO  [org.springframework.extensions.webscripts.TemplateProcessorRegistry] [localhost-startStop-1] Registered template processor freemarker for extension ftl
2019-01-17 13:00:12,115 INFO  [org.springframework.extensions.webscripts.ScriptProcessorRegistry] [localhost-startStop-1] Registered script processor javascript for extension js
2019-01-17 13:00:12,116 INFO  [org.springframework.extensions.webscripts.TemplateProcessorRegistry] [localhost-startStop-1] Registered template processor freemarker for extension ftl
2019-01-17 13:00:12,118 INFO  [org.springframework.extensions.webscripts.ScriptProcessorRegistry] [localhost-startStop-1] Registered script processor javascript for extension js
2019-01-17 13:00:14,362 INFO  [org.springframework.extensions.webscripts.DeclarativeRegistry] [localhost-startStop-1] Registered 393 Web Scripts (+0 failed), 411 URLs
2019-01-17 13:00:14,362 INFO  [org.springframework.extensions.webscripts.DeclarativeRegistry] [localhost-startStop-1] Registered 8 Package Description Documents (+0 failed) 
2019-01-17 13:00:14,363 INFO  [org.springframework.extensions.webscripts.DeclarativeRegistry] [localhost-startStop-1] Registered 0 Schema Description Documents (+0 failed) 
2019-01-17 13:00:14,491 INFO  [org.springframework.extensions.webscripts.AbstractRuntimeContainer] [localhost-startStop-1] Initialised Surf Container Web Script Container (in 2359.389ms)
2019-01-17 13:00:14,494 INFO  [org.springframework.extensions.webscripts.TemplateProcessorRegistry] [localhost-startStop-1] Registered template processor freemarker for extension ftl
2019-01-17 13:00:14,495 INFO  [org.springframework.extensions.webscripts.ScriptProcessorRegistry] [localhost-startStop-1] Registered script processor javascript for extension js
2019-01-17 13:01:05,628 INFO  [org.alfresco.web.site.EditionInterceptor] [http-bio-8080-exec-7] Successfully retrieved license information from Alfresco.
2019-01-17 13:01:16,212 INFO  [org.alfresco.web.scripts.ImapServerStatus] [http-bio-8080-exec-14] Successfully retrieved IMAP server status from Alfresco: disabled
2019-01-17 13:01:37,864 INFO  [org.alfresco.web.scripts.QuickShareStatus] [http-bio-8080-exec-14] Successfully retrieved quick share information from Alfresco.
2019-01-17 13:01:50,071 INFO  [org.alfresco.web.scripts.MimetypesQuery] [http-bio-8080-exec-17] Successfully retrieved mimetypes information from Alfresco.
2019-01-17 15:21:27,194 INFO  [org.alfresco.web.config.packaging.ModulePackageManager] [localhost-startStop-1] Found 1 module package(s)
2019-01-17 15:21:27,268 INFO  [org.alfresco.web.config.packaging.ModulePackageManager] [localhost-startStop-1] Alfresco Share JAR Module, 1.0-SNAPSHOT, Sample Share JAR Module (to be included in the share.war) - part of AIO - SDK 3

2019-01-17 15:21:28,075 INFO  [org.springframework.extensions.webscripts.TemplateProcessorRegistry] [localhost-startStop-1] Registered template processor freemarker for extension ftl
2019-01-17 15:21:28,079 INFO  [org.springframework.extensions.webscripts.ScriptProcessorRegistry] [localhost-startStop-1] Registered script processor javascript for extension js
2019-01-17 15:21:28,080 INFO  [org.springframework.extensions.webscripts.TemplateProcessorRegistry] [localhost-startStop-1] Registered template processor freemarker for extension ftl
2019-01-17 15:21:28,081 INFO  [org.springframework.extensions.webscripts.ScriptProcessorRegistry] [localhost-startStop-1] Registered script processor javascript for extension js
2019-01-17 15:21:30,962 INFO  [org.springframework.extensions.webscripts.DeclarativeRegistry] [localhost-startStop-1] Registered 393 Web Scripts (+0 failed), 411 URLs
2019-01-17 15:21:30,962 INFO  [org.springframework.extensions.webscripts.DeclarativeRegistry] [localhost-startStop-1] Registered 8 Package Description Documents (+0 failed) 
2019-01-17 15:21:30,962 INFO  [org.springframework.extensions.webscripts.DeclarativeRegistry] [localhost-startStop-1] Registered 0 Schema Description Documents (+0 failed) 
2019-01-17 15:21:31,052 INFO  [org.springframework.extensions.webscripts.AbstractRuntimeContainer] [localhost-startStop-1] Initialised Surf Container Web Script Container (in 2938.7456ms)
2019-01-17 15:21:31,055 INFO  [org.springframework.extensions.webscripts.TemplateProcessorRegistry] [localhost-startStop-1] Registered template processor freemarker for extension ftl
2019-01-17 15:21:31,056 INFO  [org.springframework.extensions.webscripts.ScriptProcessorRegistry] [localhost-startStop-1] Registered script processor javascript for extension js
2019-01-17 15:23:08,192 INFO  [org.alfresco.web.site.EditionInterceptor] [http-bio-8080-exec-7] Successfully retrieved license information from Alfresco.
2019-01-17 15:23:48,651 INFO  [org.alfresco.web.scripts.ImapServerStatus] [http-bio-8080-exec-2] Successfully retrieved IMAP server status from Alfresco: disabled
2019-01-17 15:25:19,807 INFO  [org.alfresco.web.scripts.QuickShareStatus] [http-bio-8080-exec-13] Successfully retrieved quick share information from Alfresco.
2019-01-17 15:25:59,820 INFO  [org.alfresco.web.scripts.MimetypesQuery] [http-bio-8080-exec-19] Successfully retrieved mimetypes information from Alfresco.
2019-01-17 15:26:46,657 INFO  [org.alfresco.web.scripts.DictionaryQuery] [http-bio-8080-exec-18] Successfully retrieved Data Dictionary from Alfresco.
