2019-01-17 09:45:22,145 INFO  [org.alfresco.solr.component.AsyncBuildSuggestComponent] Initializing SuggestComponent
2019-01-17 09:45:22,145 INFO  [org.alfresco.solr.component.AsyncBuildSuggestComponent] Initializing SuggestComponent
2019-01-17 09:45:22,411 INFO  [org.alfresco.solr.component.AsyncBuildSuggestComponent] Loading suggester index for: shingleBasedSuggestions
2019-01-17 09:45:22,872 INFO  [org.alfresco.solr.component.AsyncBuildSuggestComponent] Loaded suggester shingleBasedSuggestions, took 461 ms
2019-01-17 09:54:20,576 INFO  [org.alfresco.solr.component.AsyncBuildSuggestComponent] Initializing SuggestComponent
2019-01-17 09:54:20,576 INFO  [org.alfresco.solr.component.AsyncBuildSuggestComponent] Initializing SuggestComponent
2019-01-17 09:54:20,851 INFO  [org.alfresco.solr.component.AsyncBuildSuggestComponent] Loading suggester index for: shingleBasedSuggestions
2019-01-17 09:54:21,196 INFO  [org.alfresco.solr.component.AsyncBuildSuggestComponent] Loaded suggester shingleBasedSuggestions, took 344 ms
2019-01-17 10:25:05,265 INFO  [org.alfresco.solr.component.AsyncBuildSuggestComponent] Initializing SuggestComponent
2019-01-17 10:25:05,265 INFO  [org.alfresco.solr.component.AsyncBuildSuggestComponent] Initializing SuggestComponent
2019-01-17 10:25:05,436 INFO  [org.alfresco.solr.component.AsyncBuildSuggestComponent] Loading suggester index for: shingleBasedSuggestions
2019-01-17 10:25:05,995 INFO  [org.alfresco.solr.component.AsyncBuildSuggestComponent] Loaded suggester shingleBasedSuggestions, took 554 ms
2019-01-17 10:33:07,862 INFO  [org.alfresco.solr.component.AsyncBuildSuggestComponent] Initializing SuggestComponent
2019-01-17 10:33:07,862 INFO  [org.alfresco.solr.component.AsyncBuildSuggestComponent] Initializing SuggestComponent
2019-01-17 10:33:08,048 INFO  [org.alfresco.solr.component.AsyncBuildSuggestComponent] Loading suggester index for: shingleBasedSuggestions
2019-01-17 10:33:08,541 INFO  [org.alfresco.solr.component.AsyncBuildSuggestComponent] Loaded suggester shingleBasedSuggestions, took 493 ms
2019-01-17 12:49:02,140 INFO  [org.alfresco.solr.component.AsyncBuildSuggestComponent] Building suggester index for: shingleBasedSuggestions
2019-01-17 12:49:02,857 INFO  [org.alfresco.solr.component.AsyncBuildSuggestComponent] Built suggester shingleBasedSuggestions, took 700 ms
2019-01-17 13:00:30,207 INFO  [org.alfresco.solr.component.AsyncBuildSuggestComponent] Initializing SuggestComponent
2019-01-17 13:00:30,574 INFO  [org.alfresco.solr.component.AsyncBuildSuggestComponent] Initializing SuggestComponent
2019-01-17 13:00:30,604 INFO  [org.alfresco.solr.component.AsyncBuildSuggestComponent] Loading suggester index for: shingleBasedSuggestions
2019-01-17 13:00:30,973 INFO  [org.alfresco.solr.component.AsyncBuildSuggestComponent] Loaded suggester shingleBasedSuggestions, took 368 ms
2019-01-17 15:21:51,092 INFO  [org.alfresco.solr.component.AsyncBuildSuggestComponent] Initializing SuggestComponent
2019-01-17 15:21:53,916 INFO  [org.alfresco.solr.component.AsyncBuildSuggestComponent] Initializing SuggestComponent
2019-01-17 15:21:54,065 INFO  [org.alfresco.solr.component.AsyncBuildSuggestComponent] Loading suggester index for: shingleBasedSuggestions
2019-01-17 15:21:54,869 INFO  [org.alfresco.solr.component.AsyncBuildSuggestComponent] Loaded suggester shingleBasedSuggestions, took 804 ms
